<?xml version="1.0" encoding="UTF-8"?>
<!-- Generated by org.testng.reporters.JUnitReportReporter -->
<testsuite hostname="DESKTOP-ME9DNBR" failures="0" tests="1" name="l174031_assignment3.TestCalculator" time="0.015" errors="0" timestamp="2021-06-08T08:07:44 PKT" skipped="0">
  <testcase classname="l174031_assignment3.TestCalculator" name="multiply" time="0.015"/>
  <system-out/>
</testsuite> <!-- l174031_assignment3.TestCalculator -->
