<?xml version="1.0" encoding="UTF-8"?>
<!-- Generated by org.testng.reporters.JUnitReportReporter -->
<testsuite hostname="DESKTOP-ME9DNBR" failures="0" tests="1" name="l174031_assignment3.TestAddition" time="0.021" errors="0" timestamp="2021-06-08T07:47:03 PKT" skipped="0">
  <testcase classname="l174031_assignment3.TestAddition" name="f" time="0.021"/>
  <system-out/>
</testsuite> <!-- l174031_assignment3.TestAddition -->
